0 info it worked if it ends with ok
1 verbose cli [ 'node', '/usr/local/bin/npm', 'publish' ]
2 info using npm@1.4.28
3 info using node@v0.10.33
4 verbose publish [ '.' ]
5 verbose cache add [ '.', null ]
6 verbose cache add name=undefined spec="." args=[".",null]
7 verbose parsed url { protocol: null,
7 verbose parsed url   slashes: null,
7 verbose parsed url   auth: null,
7 verbose parsed url   host: null,
7 verbose parsed url   port: null,
7 verbose parsed url   hostname: null,
7 verbose parsed url   hash: null,
7 verbose parsed url   search: null,
7 verbose parsed url   query: null,
7 verbose parsed url   pathname: '.',
7 verbose parsed url   path: '.',
7 verbose parsed url   href: '.' }
8 silly lockFile 3a52ce78- .
9 verbose lock . /Users/lucalanzano/.npm/3a52ce78-.lock
10 verbose tar pack [ '/Users/lucalanzano/.npm/censorify/0.1.3/package.tgz', '.' ]
11 verbose tarball /Users/lucalanzano/.npm/censorify/0.1.3/package.tgz
12 verbose folder .
13 info prepublish censorify@0.1.3
14 silly lockFile 1f1177db-tar tar://.
15 verbose lock tar://. /Users/lucalanzano/.npm/1f1177db-tar.lock
16 silly lockFile 427f1d06--npm-censorify-0-1-3-package-tgz tar:///Users/lucalanzano/.npm/censorify/0.1.3/package.tgz
17 verbose lock tar:///Users/lucalanzano/.npm/censorify/0.1.3/package.tgz /Users/lucalanzano/.npm/427f1d06--npm-censorify-0-1-3-package-tgz.lock
18 silly lockFile 1f1177db-tar tar://.
19 silly lockFile 1f1177db-tar tar://.
20 silly lockFile 427f1d06--npm-censorify-0-1-3-package-tgz tar:///Users/lucalanzano/.npm/censorify/0.1.3/package.tgz
21 silly lockFile 427f1d06--npm-censorify-0-1-3-package-tgz tar:///Users/lucalanzano/.npm/censorify/0.1.3/package.tgz
22 silly lockFile 6c76ee4b-zano-npm-censorify-0-1-3-package /Users/lucalanzano/.npm/censorify/0.1.3/package
23 verbose lock /Users/lucalanzano/.npm/censorify/0.1.3/package /Users/lucalanzano/.npm/6c76ee4b-zano-npm-censorify-0-1-3-package.lock
24 silly lockFile 6c76ee4b-zano-npm-censorify-0-1-3-package /Users/lucalanzano/.npm/censorify/0.1.3/package
25 silly lockFile 6c76ee4b-zano-npm-censorify-0-1-3-package /Users/lucalanzano/.npm/censorify/0.1.3/package
26 silly lockFile 3a52ce78- .
27 silly lockFile 3a52ce78- .
28 silly publish { name: 'censorify',
28 silly publish   version: '0.1.3',
28 silly publish   author: { name: 'Luca Lanzanò' },
28 silly publish   description: 'Censor words out of text',
28 silly publish   main: 'censor-text',
28 silly publish   dependencies: {},
28 silly publish   engines: { node: '*' },
28 silly publish   repository:
28 silly publish    { type: 'git',
28 silly publish      url: 'https://github.com/lucalanzano81/Censorify' },
28 silly publish   keywords: [ 'censor', 'words' ],
28 silly publish   readme: '# Welcome to Censor Text v. 0.1.1\n\nThis module can censor bad words.\nFollowing its functions:\n\n## censor()\n\nThis fuction censor your phrase.\n\n## addCensoredWords()\n\nYou can add your censored words.\n\n## getCensoredWords()\n\nYou can get all the predefined and custom censored words.\n\n#### Conclusion\n\nHappy censor!',
28 silly publish   readmeFilename: 'README.md',
28 silly publish   gitHead: 'aa765e8c72d52686a44e94321384acd28342d4eb',
28 silly publish   bugs: { url: 'https://github.com/lucalanzano81/Censorify/issues' },
28 silly publish   homepage: 'https://github.com/lucalanzano81/Censorify',
28 silly publish   _id: 'censorify@0.1.3',
28 silly publish   scripts: {},
28 silly publish   _shasum: '95be58c5fede8cec0982ef20aac4166402f60a6b',
28 silly publish   _from: '.' }
29 verbose request where is /censorify
30 verbose request registry https://registry.npmjs.org/
31 verbose request id b7179211230e9fc5
32 verbose url raw /censorify
33 verbose url resolving [ 'https://registry.npmjs.org/', './censorify' ]
34 verbose url resolved https://registry.npmjs.org/censorify
35 verbose request where is https://registry.npmjs.org/censorify
36 info trying registry request attempt 1 at 16:56:12
37 http PUT https://registry.npmjs.org/censorify
38 http 403 https://registry.npmjs.org/censorify
39 verbose headers { date: 'Sat, 20 Dec 2014 15:56:13 GMT',
39 verbose headers   server: 'CouchDB/1.5.0 (Erlang OTP/R16B03)',
39 verbose headers   'content-type': 'application/json',
39 verbose headers   'cache-control': 'max-age=60',
39 verbose headers   'content-length': '1309',
39 verbose headers   'accept-ranges': 'bytes',
39 verbose headers   via: '1.1 varnish',
39 verbose headers   'x-served-by': 'cache-fra1231-FRA',
39 verbose headers   'x-cache': 'MISS',
39 verbose headers   'x-cache-hits': '0',
39 verbose headers   'x-timer': 'S1419090972.570074,VS0,VE677',
39 verbose headers   'keep-alive': 'timeout=10, max=50',
39 verbose headers   connection: 'Keep-Alive' }
40 error publish Failed PUT 403
41 error Error: forbidden user: lucalanzano81 not authorized to modify censorify
41 error Changed: description "Censors words out of text" -> "Censor words out of text"
41 error Changed: dist-tags.latest "0.1.1" -> "0.1.3"
41 error Added: versions.0.1.3
41 error Changed: readme "This is first node.js file\u000a" -> "# Welcome to Censor Text v. 0.1.1\u000a\u000aThis module can censor bad words.\u000aFollowing its functions:\u000a\u000a## censor()\u000a\u000aThis fuction censor your phrase.\u000a\u000a## addCensoredWords()\u000a\u000aYou can add your censored words.\u000a\u000a## getCensoredWords()\u000a\u000aYou can get all the predefined and custom censored words.\u000a\u000a#### Conclusion\u000a\u000aHappy censor!"
41 error Changed: time.modified "2014-07-18T15:24:31.950Z" -> "2014-12-20T15:57:52.028Z"
41 error Added: time.0.1.3
41 error Changed: homepage "https://github.com/sisingh/nodebook-ch03-censorify" -> "https://github.com/lucalanzano81/Censorify"
41 error Changed: repository.url "https://github.com/sisingh/nodebook-ch03-censorify" -> "https://github.com/lucalanzano81/Censorify"
41 error Changed: author.name "Brad Dayley" -> "Luca Lanzanò"
41 error Changed: bugs.url "https://github.com/sisingh/nodebook-ch03-censorify/issues" -> "https://github.com/lucalanzano81/Censorify/issues"
41 error Added: _attachments: censorify
41 error     at RegClient.<anonymous> (/usr/local/lib/node_modules/npm/node_modules/npm-registry-client/lib/request.js:308:14)
41 error     at Request._callback (/usr/local/lib/node_modules/npm/node_modules/npm-registry-client/lib/request.js:246:65)
41 error     at Request.self.callback (/usr/local/lib/node_modules/npm/node_modules/request/request.js:236:22)
41 error     at Request.emit (events.js:98:17)
41 error     at Request.<anonymous> (/usr/local/lib/node_modules/npm/node_modules/request/request.js:1142:14)
41 error     at Request.emit (events.js:117:20)
41 error     at IncomingMessage.<anonymous> (/usr/local/lib/node_modules/npm/node_modules/request/request.js:1096:12)
41 error     at IncomingMessage.emit (events.js:117:20)
41 error     at _stream_readable.js:943:16
41 error     at process._tickCallback (node.js:419:13)
42 error If you need help, you may report this *entire* log,
42 error including the npm and node versions, at:
42 error     <http://github.com/npm/npm/issues>
43 error System Darwin 14.0.0
44 error command "node" "/usr/local/bin/npm" "publish"
45 error cwd /Users/lucalanzano/Documents/Esercitazioni/Nodejs/test/censorify
46 error node -v v0.10.33
47 error npm -v 1.4.28
48 verbose exit [ 1, true ]
